#
# There is insufficient memory for the Java Runtime Environment to continue.
# Native memory allocation (malloc) failed to allocate 1089280 bytes. Error detail: Chunk::new
# Possible reasons:
#   The system is out of physical RAM or swap space
#   This process is running with CompressedOops enabled, and the Java Heap may be blocking the growth of the native heap
# Possible solutions:
#   Reduce memory load on the system
#   Increase physical memory or swap space
#   Check if swap backing store is full
#   Decrease Java heap size (-Xmx/-Xms)
#   Decrease number of Java threads
#   Decrease Java thread stack sizes (-Xss)
#   Set larger code cache with -XX:ReservedCodeCacheSize=
#   JVM is running with Unscaled Compressed Oops mode in which the Java heap is
#     placed in the first 4GB address space. The Java Heap base address is the
#     maximum limit for the native heap growth. Please use -XX:HeapBaseMinAddress
#     to set the Java Heap base and to place the Java Heap above 4GB virtual address.
# This output file may be truncated or incomplete.
#
#  Out of Memory Error (arena.cpp:168), pid=21124, tid=13900
#
# JRE version: OpenJDK Runtime Environment Temurin-21.0.8+9 (21.0.8+9) (build 21.0.8+9-LTS)
# Java VM: OpenJDK 64-Bit Server VM Temurin-21.0.8+9 (21.0.8+9-LTS, mixed mode, sharing, tiered, compressed oops, compressed class ptrs, parallel gc, windows-amd64)
# No core dump will be written. Minidumps are not enabled by default on client versions of Windows
#

---------------  S U M M A R Y ------------

Command Line: --add-modules=ALL-SYSTEM --add-opens=java.base/java.util=ALL-UNNAMED --add-opens=java.base/java.lang=ALL-UNNAMED --add-opens=java.base/sun.nio.fs=ALL-UNNAMED -Declipse.application=org.eclipse.jdt.ls.core.id1 -Dosgi.bundles.defaultStartLevel=4 -Declipse.product=org.eclipse.jdt.ls.core.product -Djava.import.generatesMetadataFilesAtProjectRoot=false -DDetectVMInstallationsJob.disabled=true -Dfile.encoding=utf8 -XX:+UseParallelGC -XX:GCTimeRatio=4 -XX:AdaptiveSizePolicyWeight=90 -Dsun.zip.disableMemoryMapping=true -Xmx2G -Xms100m -Xlog:disable -javaagent:c:\Users\vshri\.vscode\extensions\redhat.java-1.46.0-win32-x64\lombok\lombok-1.18.39-4050.jar c:\Users\vshri\.vscode\extensions\redhat.java-1.46.0-win32-x64\server\plugins\org.eclipse.equinox.launcher_1.7.0.v20250519-0528.jar -configuration c:\Users\vshri\AppData\Roaming\Code\User\globalStorage\redhat.java\1.46.0\config_ss_win -data c:\Users\vshri\AppData\Roaming\Code\User\workspaceStorage\eb0d8900c8c9a50709719c642daa460a\redhat.java\ss_ws --pipe=\\.\pipe\lsp-cba3232f8e4522fc82b97abc745e28f2-sock

Host: AMD Ryzen 7 5800HS with Radeon Graphics        , 16 cores, 15G,  Windows 11 , 64 bit Build 26100 (10.0.26100.6725)
Time: Thu Oct 16 12:20:40 2025 India Standard Time elapsed time: 10.767601 seconds (0d 0h 0m 10s)

---------------  T H R E A D  ---------------

Current thread (0x000001fcfed2b4b0):  JavaThread "C2 CompilerThread1" daemon [_thread_in_native, id=13900, stack(0x00000067a6b00000,0x00000067a6c00000) (1024K)]


Current CompileTask:
C2:10767 2858       4       java.lang.invoke.MethodType::makeImpl (109 bytes)

Stack: [0x00000067a6b00000,0x00000067a6c00000]
Native frames: (J=compiled Java code, j=interpreted, Vv=VM code, C=native code)
V  [jvm.dll+0x6d2449]
V  [jvm.dll+0x8ae341]
V  [jvm.dll+0x8b08be]
V  [jvm.dll+0x8b0fa3]
V  [jvm.dll+0x280c96]
V  [jvm.dll+0xc581d]
V  [jvm.dll+0xc5d53]
V  [jvm.dll+0x3b919c]
V  [jvm.dll+0x1e1213]
V  [jvm.dll+0x249022]
V  [jvm.dll+0x2484af]
V  [jvm.dll+0x1c89ee]
V  [jvm.dll+0x257d4d]
V  [jvm.dll+0x2562ea]
V  [jvm.dll+0x3f2d16]
V  [jvm.dll+0x857e6b]
V  [jvm.dll+0x6d0b0d]
C  [ucrtbase.dll+0x37b0]
C  [KERNEL32.DLL+0x2e8d7]
C  [ntdll.dll+0x8c53c]


---------------  P R O C E S S  ---------------

Threads class SMR info:
_java_thread_list=0x000001fcd57645a0, length=20, elements={
0x000001fcf5e835f0, 0x000001fcf5f20f80, 0x000001fcf5f240a0, 0x000001fcf5f25820,
0x000001fcf5f266f0, 0x000001fcf5f2bc90, 0x000001fcf5f2c810, 0x000001fcf5f31cf0,
0x000001fcf5f36cb0, 0x000001fcf5eefd70, 0x000001fcfef3cea0, 0x000001fcd5169710,
0x000001fcd5237d40, 0x000001fcd537c750, 0x000001fcd0cdb6b0, 0x000001fcd50abe80,
0x000001fcd55235a0, 0x000001fcd54f6e30, 0x000001fcfed2b4b0, 0x000001fcfecff700
}

Java Threads: ( => current thread )
  0x000001fcf5e835f0 JavaThread "main"                              [_thread_in_vm, id=6380, stack(0x00000067a5c00000,0x00000067a5d00000) (1024K)]
  0x000001fcf5f20f80 JavaThread "Reference Handler"          daemon [_thread_blocked, id=23628, stack(0x00000067a6000000,0x00000067a6100000) (1024K)]
  0x000001fcf5f240a0 JavaThread "Finalizer"                  daemon [_thread_blocked, id=4292, stack(0x00000067a6100000,0x00000067a6200000) (1024K)]
  0x000001fcf5f25820 JavaThread "Signal Dispatcher"          daemon [_thread_blocked, id=5580, stack(0x00000067a6200000,0x00000067a6300000) (1024K)]
  0x000001fcf5f266f0 JavaThread "Attach Listener"            daemon [_thread_blocked, id=7348, stack(0x00000067a6300000,0x00000067a6400000) (1024K)]
  0x000001fcf5f2bc90 JavaThread "Service Thread"             daemon [_thread_blocked, id=6976, stack(0x00000067a6400000,0x00000067a6500000) (1024K)]
  0x000001fcf5f2c810 JavaThread "Monitor Deflation Thread"   daemon [_thread_blocked, id=8104, stack(0x00000067a6500000,0x00000067a6600000) (1024K)]
  0x000001fcf5f31cf0 JavaThread "C2 CompilerThread0"         daemon [_thread_in_native, id=25188, stack(0x00000067a6600000,0x00000067a6700000) (1024K)]
  0x000001fcf5f36cb0 JavaThread "C1 CompilerThread0"         daemon [_thread_blocked, id=22264, stack(0x00000067a6700000,0x00000067a6800000) (1024K)]
  0x000001fcf5eefd70 JavaThread "Common-Cleaner"             daemon [_thread_blocked, id=19072, stack(0x00000067a6800000,0x00000067a6900000) (1024K)]
  0x000001fcfef3cea0 JavaThread "Notification Thread"        daemon [_thread_blocked, id=4668, stack(0x00000067a6d00000,0x00000067a6e00000) (1024K)]
  0x000001fcd5169710 JavaThread "Active Thread: Equinox Container: fcbddb38-afd2-4d9a-a246-96f36e6379b7"        [_thread_blocked, id=16380, stack(0x00000067a7600000,0x00000067a7700000) (1024K)]
  0x000001fcd5237d40 JavaThread "Framework Event Dispatcher: Equinox Container: fcbddb38-afd2-4d9a-a246-96f36e6379b7" daemon [_thread_blocked, id=20736, stack(0x00000067a7800000,0x00000067a7900000) (1024K)]
  0x000001fcd537c750 JavaThread "Start Level: Equinox Container: fcbddb38-afd2-4d9a-a246-96f36e6379b7" daemon [_thread_in_vm, id=2204, stack(0x00000067a7900000,0x00000067a7a00000) (1024K)]
  0x000001fcd0cdb6b0 JavaThread "SCR Component Actor"        daemon [_thread_blocked, id=20240, stack(0x00000067a7500000,0x00000067a7600000) (1024K)]
  0x000001fcd50abe80 JavaThread "Worker-JM"                         [_thread_blocked, id=12092, stack(0x00000067a7b00000,0x00000067a7c00000) (1024K)]
  0x000001fcd55235a0 JavaThread "Worker-0"                          [_thread_blocked, id=25096, stack(0x00000067a7a00000,0x00000067a7b00000) (1024K)]
  0x000001fcd54f6e30 JavaThread "Worker-1"                          [_thread_blocked, id=7204, stack(0x00000067a7e00000,0x00000067a7f00000) (1024K)]
=>0x000001fcfed2b4b0 JavaThread "C2 CompilerThread1"         daemon [_thread_in_native, id=13900, stack(0x00000067a6b00000,0x00000067a6c00000) (1024K)]
  0x000001fcfecff700 JavaThread "C2 CompilerThread2"         daemon [_thread_blocked, id=20592, stack(0x00000067a6900000,0x00000067a6a00000) (1024K)]
Total: 20

Other Threads:
  0x000001fcf5e11bf0 VMThread "VM Thread"                           [id=5632, stack(0x00000067a5f00000,0x00000067a6000000) (1024K)]
  0x000001fcf5d0ca00 WatcherThread "VM Periodic Task Thread"        [id=5552, stack(0x00000067a5e00000,0x00000067a5f00000) (1024K)]
  0x000001fcf5ea2460 WorkerThread "GC Thread#0"                     [id=22708, stack(0x00000067a5d00000,0x00000067a5e00000) (1024K)]
  0x000001fcd08930a0 WorkerThread "GC Thread#1"                     [id=7360, stack(0x00000067a6f00000,0x00000067a7000000) (1024K)]
  0x000001fcd51d26c0 WorkerThread "GC Thread#2"                     [id=12084, stack(0x00000067a7000000,0x00000067a7100000) (1024K)]
  0x000001fcd0962ef0 WorkerThread "GC Thread#3"                     [id=6932, stack(0x00000067a7100000,0x00000067a7200000) (1024K)]
  0x000001fcd0963290 WorkerThread "GC Thread#4"                     [id=19580, stack(0x00000067a7200000,0x00000067a7300000) (1024K)]
  0x000001fcd0963a30 WorkerThread "GC Thread#5"                     [id=13868, stack(0x00000067a7300000,0x00000067a7400000) (1024K)]
  0x000001fcd0963dd0 WorkerThread "GC Thread#6"                     [id=15888, stack(0x00000067a7400000,0x00000067a7500000) (1024K)]
  0x000001fcd0d12d20 WorkerThread "GC Thread#7"                     [id=12728, stack(0x00000067a7700000,0x00000067a7800000) (1024K)]
  0x000001fcd5340eb0 WorkerThread "GC Thread#8"                     [id=5740, stack(0x00000067a7c00000,0x00000067a7d00000) (1024K)]
  0x000001fcd5341250 WorkerThread "GC Thread#9"                     [id=468, stack(0x00000067a7d00000,0x00000067a7e00000) (1024K)]
  0x000001fcd53415f0 WorkerThread "GC Thread#10"                    [id=23244, stack(0x00000067a7f00000,0x00000067a8000000) (1024K)]
  0x000001fcd5341990 WorkerThread "GC Thread#11"                    [id=24128, stack(0x00000067a8000000,0x00000067a8100000) (1024K)]
  0x000001fcd5340b10 WorkerThread "GC Thread#12"                    [id=8224, stack(0x00000067a8100000,0x00000067a8200000) (1024K)]
Total: 15

Threads with active compile tasks:
C2 CompilerThread0  11830 2734       4       org.lombokweb.asm.ClassReader::readMethod (1070 bytes)
C2 CompilerThread1  11830 2858       4       java.lang.invoke.MethodType::makeImpl (109 bytes)
Total: 2

VM state: not at safepoint (normal execution)

VM Mutex/Monitor currently owned by a thread:  ([mutex/lock_event])
[0x00007ffb557e3458] Metaspace_lock - owner thread: 0x000001fcd537c750

Heap address: 0x0000000080000000, size: 2048 MB, Compressed Oops mode: 32-bit

CDS archive(s) mapped at: [0x000001fc8f000000-0x000001fc8fba0000-0x000001fc8fba0000), size 12189696, SharedBaseAddress: 0x000001fc8f000000, ArchiveRelocationMode: 1.
Compressed class space mapped at: 0x000001fc90000000-0x000001fcd0000000, reserved size: 1073741824
Narrow klass base: 0x000001fc8f000000, Narrow klass shift: 0, Narrow klass range: 0x100000000

GC Precious Log:
 CardTable entry size: 512
 CPUs: 16 total, 16 available
 Memory: 15773M
 Large Page Support: Disabled
 NUMA Support: Disabled
 Compressed Oops: Enabled (32-bit)
 Alignments: Space 512K, Generation 512K, Heap 2M
 Heap Min Capacity: 100M
 Heap Initial Capacity: 100M
 Heap Max Capacity: 2G
 Pre-touch: Disabled
 Parallel Workers: 13

Heap:
 PSYoungGen      total 31744K, used 9113K [0x00000000d5580000, 0x00000000d7b00000, 0x0000000100000000)
  eden space 25088K, 36% used [0x00000000d5580000,0x00000000d5e666f8,0x00000000d6e00000)
  from space 6656K, 0% used [0x00000000d7480000,0x00000000d7480000,0x00000000d7b00000)
  to   space 6656K, 0% used [0x00000000d6e00000,0x00000000d6e00000,0x00000000d7480000)
 ParOldGen       total 68608K, used 10120K [0x0000000080000000, 0x0000000084300000, 0x00000000d5580000)
  object space 68608K, 14% used [0x0000000080000000,0x00000000809e2388,0x0000000084300000)
 Metaspace       used 22188K, committed 22848K, reserved 1114112K
  class space    used 2116K, committed 2432K, reserved 1048576K

Card table byte_map: [0x000001fcf5820000,0x000001fcf5c30000] _byte_map_base: 0x000001fcf5420000

Marking Bits: (ParMarkBitMap*) 0x00007ffb557ea340
 Begin Bits: [0x000001fcf9320000, 0x000001fcfb320000)
 End Bits:   [0x000001fcfb320000, 0x000001fcfd320000)

Polling page: 0x000001fcf3e60000

Metaspace:

Usage:
  Non-class:     19.60 MB used.
      Class:      2.07 MB used.
       Both:     21.67 MB used.

Virtual space:
  Non-class space:       64.00 MB reserved,      19.94 MB ( 31%) committed,  1 nodes.
      Class space:        1.00 GB reserved,       2.38 MB ( <1%) committed,  1 nodes.
             Both:        1.06 GB reserved,      22.31 MB (  2%) committed. 

Chunk freelists:
   Non-Class:  11.86 MB
       Class:  13.49 MB
        Both:  25.35 MB

MaxMetaspaceSize: unlimited
CompressedClassSpaceSize: 1.00 GB
Initial GC threshold: 21.00 MB
Current GC threshold: 35.00 MB
CDS: on
 - commit_granule_bytes: 65536.
 - commit_granule_words: 8192.
 - virtual_space_node_default_size: 8388608.
 - enlarge_chunks_in_place: 1.
 - use_allocation_guard: 0.


Internal statistics:

num_allocs_failed_limit: 3.
num_arena_births: 504.
num_arena_deaths: 14.
num_vsnodes_births: 2.
num_vsnodes_deaths: 0.
num_space_committed: 357.
num_space_uncommitted: 0.
num_chunks_returned_to_freelist: 17.
num_chunks_taken_from_freelist: 1325.
num_chunk_merges: 9.
num_chunk_splits: 869.
num_chunks_enlarged: 558.
num_inconsistent_stats: 0.

CodeHeap 'non-profiled nmethods': size=119168Kb used=1304Kb max_used=1304Kb free=117863Kb
 bounds [0x000001fc87ba0000, 0x000001fc87e10000, 0x000001fc8f000000]
CodeHeap 'profiled nmethods': size=119104Kb used=6110Kb max_used=6110Kb free=112993Kb
 bounds [0x000001fc80000000, 0x000001fc80600000, 0x000001fc87450000]
CodeHeap 'non-nmethods': size=7488Kb used=1312Kb max_used=3027Kb free=6175Kb
 bounds [0x000001fc87450000, 0x000001fc87750000, 0x000001fc87ba0000]
CodeCache: size=245760Kb, used=8726Kb, max_used=10441Kb, free=237031Kb
 total_blobs=3635, nmethods=3040, adapters=501, full_count=0
Compilation: enabled, stopped_count=0, restarted_count=0

Compilation events (20 events):
Event: 9.701 Thread 0x000001fcf5f36cb0 3036       3       java.lang.Character$UnicodeBlock::<init> (17 bytes)
Event: 9.702 Thread 0x000001fcf5f36cb0 nmethod 3036 0x000001fc805f4e10 code [0x000001fc805f5000, 0x000001fc805f5460]
Event: 9.702 Thread 0x000001fcf5f36cb0 3037       3       java.lang.Character$Subset::<init> (24 bytes)
Event: 9.703 Thread 0x000001fcf5f36cb0 nmethod 3037 0x000001fc805f5610 code [0x000001fc805f57c0, 0x000001fc805f5a48]
Event: 9.713 Thread 0x000001fcfecff700 nmethod 3031 0x000001fc87ce1c90 code [0x000001fc87ce1e60, 0x000001fc87ce2570]
Event: 9.713 Thread 0x000001fcfecff700 3032       4       java.util.zip.ZipCoder$UTF8ZipCoder::toString (12 bytes)
Event: 9.729 Thread 0x000001fcfecff700 nmethod 3032 0x000001fc87ce2990 code [0x000001fc87ce2b60, 0x000001fc87ce3248]
Event: 9.730 Thread 0x000001fcfecff700 3033       4       java.util.zip.ZipFile$ZipEntryIterator::hasMoreElements (5 bytes)
Event: 9.731 Thread 0x000001fcfecff700 nmethod 3033 0x000001fc87ce3610 code [0x000001fc87ce37a0, 0x000001fc87ce3840]
Event: 9.731 Thread 0x000001fcfecff700 3034       4       java.util.zip.ZipFile$ZipEntryIterator::nextElement (5 bytes)
Event: 9.738 Thread 0x000001fcfecff700 nmethod 3034 0x000001fc87ce3910 code [0x000001fc87ce3ae0, 0x000001fc87ce3fb0]
Event: 9.738 Thread 0x000001fcfecff700 3035   !   4       java.util.zip.ZipFile$ZipEntryIterator::next (71 bytes)
Event: 9.742 Thread 0x000001fcf5f36cb0 3039       3       java.util.HashSet::contains (9 bytes)
Event: 9.742 Thread 0x000001fcf5f36cb0 nmethod 3039 0x000001fc805f5b90 code [0x000001fc805f5d40, 0x000001fc805f5f18]
Event: 9.742 Thread 0x000001fcf5f36cb0 3040   !   3       org.eclipse.core.internal.preferences.EclipsePreferences::internalGet (62 bytes)
Event: 9.743 Thread 0x000001fcf5f36cb0 nmethod 3040 0x000001fc805f6010 code [0x000001fc805f6220, 0x000001fc805f68f8]
Event: 9.743 Thread 0x000001fcf5f36cb0 3041       3       org.eclipse.core.internal.preferences.EclipsePreferences::get (16 bytes)
Event: 9.744 Thread 0x000001fcf5f36cb0 nmethod 3041 0x000001fc805f6b90 code [0x000001fc805f6d40, 0x000001fc805f6f60]
Event: 9.744 Thread 0x000001fcf5f36cb0 3043       3       org.eclipse.core.internal.preferences.PreferencesService::get (62 bytes)
Event: 10.754 Thread 0x000001fcf5f36cb0 nmethod 3043 0x000001fc805f7010 code [0x000001fc805f7200, 0x000001fc805f7710]

GC Heap History (14 events):
Event: 1.353 GC heap before
{Heap before GC invocations=1 (full 0):
 PSYoungGen      total 29696K, used 25600K [0x00000000d5580000, 0x00000000d7680000, 0x0000000100000000)
  eden space 25600K, 100% used [0x00000000d5580000,0x00000000d6e80000,0x00000000d6e80000)
  from space 4096K, 0% used [0x00000000d7280000,0x00000000d7280000,0x00000000d7680000)
  to   space 4096K, 0% used [0x00000000d6e80000,0x00000000d6e80000,0x00000000d7280000)
 ParOldGen       total 68608K, used 0K [0x0000000080000000, 0x0000000084300000, 0x00000000d5580000)
  object space 68608K, 0% used [0x0000000080000000,0x0000000080000000,0x0000000084300000)
 Metaspace       used 4137K, committed 4416K, reserved 1114112K
  class space    used 451K, committed 576K, reserved 1048576K
}
Event: 1.363 GC heap after
{Heap after GC invocations=1 (full 0):
 PSYoungGen      total 29696K, used 3659K [0x00000000d5580000, 0x00000000d7680000, 0x0000000100000000)
  eden space 25600K, 0% used [0x00000000d5580000,0x00000000d5580000,0x00000000d6e80000)
  from space 4096K, 89% used [0x00000000d6e80000,0x00000000d7212d90,0x00000000d7280000)
  to   space 4096K, 0% used [0x00000000d7280000,0x00000000d7280000,0x00000000d7680000)
 ParOldGen       total 68608K, used 16K [0x0000000080000000, 0x0000000084300000, 0x00000000d5580000)
  object space 68608K, 0% used [0x0000000080000000,0x0000000080004000,0x0000000084300000)
 Metaspace       used 4137K, committed 4416K, reserved 1114112K
  class space    used 451K, committed 576K, reserved 1048576K
}
Event: 2.268 GC heap before
{Heap before GC invocations=2 (full 0):
 PSYoungGen      total 29696K, used 29259K [0x00000000d5580000, 0x00000000d7680000, 0x0000000100000000)
  eden space 25600K, 100% used [0x00000000d5580000,0x00000000d6e80000,0x00000000d6e80000)
  from space 4096K, 89% used [0x00000000d6e80000,0x00000000d7212d90,0x00000000d7280000)
  to   space 4096K, 0% used [0x00000000d7280000,0x00000000d7280000,0x00000000d7680000)
 ParOldGen       total 68608K, used 16K [0x0000000080000000, 0x0000000084300000, 0x00000000d5580000)
  object space 68608K, 0% used [0x0000000080000000,0x0000000080004000,0x0000000084300000)
 Metaspace       used 7948K, committed 8192K, reserved 1114112K
  class space    used 828K, committed 960K, reserved 1048576K
}
Event: 2.276 GC heap after
{Heap after GC invocations=2 (full 0):
 PSYoungGen      total 29696K, used 4085K [0x00000000d5580000, 0x00000000d7680000, 0x0000000100000000)
  eden space 25600K, 0% used [0x00000000d5580000,0x00000000d5580000,0x00000000d6e80000)
  from space 4096K, 99% used [0x00000000d7280000,0x00000000d767d790,0x00000000d7680000)
  to   space 4096K, 0% used [0x00000000d6e80000,0x00000000d6e80000,0x00000000d7280000)
 ParOldGen       total 68608K, used 877K [0x0000000080000000, 0x0000000084300000, 0x00000000d5580000)
  object space 68608K, 1% used [0x0000000080000000,0x00000000800db6b8,0x0000000084300000)
 Metaspace       used 7948K, committed 8192K, reserved 1114112K
  class space    used 828K, committed 960K, reserved 1048576K
}
Event: 2.969 GC heap before
{Heap before GC invocations=3 (full 0):
 PSYoungGen      total 29696K, used 29685K [0x00000000d5580000, 0x00000000d7680000, 0x0000000100000000)
  eden space 25600K, 100% used [0x00000000d5580000,0x00000000d6e80000,0x00000000d6e80000)
  from space 4096K, 99% used [0x00000000d7280000,0x00000000d767d790,0x00000000d7680000)
  to   space 4096K, 0% used [0x00000000d6e80000,0x00000000d6e80000,0x00000000d7280000)
 ParOldGen       total 68608K, used 877K [0x0000000080000000, 0x0000000084300000, 0x00000000d5580000)
  object space 68608K, 1% used [0x0000000080000000,0x00000000800db6b8,0x0000000084300000)
 Metaspace       used 12666K, committed 13184K, reserved 1114112K
  class space    used 1341K, committed 1600K, reserved 1048576K
}
Event: 2.975 GC heap after
{Heap after GC invocations=3 (full 0):
 PSYoungGen      total 29696K, used 4080K [0x00000000d5580000, 0x00000000d7680000, 0x0000000100000000)
  eden space 25600K, 0% used [0x00000000d5580000,0x00000000d5580000,0x00000000d6e80000)
  from space 4096K, 99% used [0x00000000d6e80000,0x00000000d727c090,0x00000000d7280000)
  to   space 4096K, 0% used [0x00000000d7280000,0x00000000d7280000,0x00000000d7680000)
 ParOldGen       total 68608K, used 2445K [0x0000000080000000, 0x0000000084300000, 0x00000000d5580000)
  object space 68608K, 3% used [0x0000000080000000,0x0000000080263708,0x0000000084300000)
 Metaspace       used 12666K, committed 13184K, reserved 1114112K
  class space    used 1341K, committed 1600K, reserved 1048576K
}
Event: 4.580 GC heap before
{Heap before GC invocations=4 (full 0):
 PSYoungGen      total 29696K, used 29680K [0x00000000d5580000, 0x00000000d7680000, 0x0000000100000000)
  eden space 25600K, 100% used [0x00000000d5580000,0x00000000d6e80000,0x00000000d6e80000)
  from space 4096K, 99% used [0x00000000d6e80000,0x00000000d727c090,0x00000000d7280000)
  to   space 4096K, 0% used [0x00000000d7280000,0x00000000d7280000,0x00000000d7680000)
 ParOldGen       total 68608K, used 2445K [0x0000000080000000, 0x0000000084300000, 0x00000000d5580000)
  object space 68608K, 3% used [0x0000000080000000,0x0000000080263708,0x0000000084300000)
 Metaspace       used 15975K, committed 16576K, reserved 1114112K
  class space    used 1657K, committed 1920K, reserved 1048576K
}
Event: 4.585 GC heap after
{Heap after GC invocations=4 (full 0):
 PSYoungGen      total 29696K, used 4073K [0x00000000d5580000, 0x00000000d7680000, 0x0000000100000000)
  eden space 25600K, 0% used [0x00000000d5580000,0x00000000d5580000,0x00000000d6e80000)
  from space 4096K, 99% used [0x00000000d7280000,0x00000000d767a488,0x00000000d7680000)
  to   space 4096K, 0% used [0x00000000d6e80000,0x00000000d6e80000,0x00000000d7280000)
 ParOldGen       total 68608K, used 5080K [0x0000000080000000, 0x0000000084300000, 0x00000000d5580000)
  object space 68608K, 7% used [0x0000000080000000,0x00000000804f6328,0x0000000084300000)
 Metaspace       used 15975K, committed 16576K, reserved 1114112K
  class space    used 1657K, committed 1920K, reserved 1048576K
}
Event: 4.978 GC heap before
{Heap before GC invocations=5 (full 0):
 PSYoungGen      total 29696K, used 29592K [0x00000000d5580000, 0x00000000d7680000, 0x0000000100000000)
  eden space 25600K, 99% used [0x00000000d5580000,0x00000000d6e6be38,0x00000000d6e80000)
  from space 4096K, 99% used [0x00000000d7280000,0x00000000d767a488,0x00000000d7680000)
  to   space 4096K, 0% used [0x00000000d6e80000,0x00000000d6e80000,0x00000000d7280000)
 ParOldGen       total 68608K, used 5080K [0x0000000080000000, 0x0000000084300000, 0x00000000d5580000)
  object space 68608K, 7% used [0x0000000080000000,0x00000000804f6328,0x0000000084300000)
 Metaspace       used 19298K, committed 19904K, reserved 1114112K
  class space    used 1904K, committed 2176K, reserved 1048576K
}
Event: 4.982 GC heap after
{Heap after GC invocations=5 (full 0):
 PSYoungGen      total 29184K, used 4071K [0x00000000d5580000, 0x00000000d7b00000, 0x0000000100000000)
  eden space 25088K, 0% used [0x00000000d5580000,0x00000000d5580000,0x00000000d6e00000)
  from space 4096K, 99% used [0x00000000d6e80000,0x00000000d7279f28,0x00000000d7280000)
  to   space 6656K, 0% used [0x00000000d7480000,0x00000000d7480000,0x00000000d7b00000)
 ParOldGen       total 68608K, used 7617K [0x0000000080000000, 0x0000000084300000, 0x00000000d5580000)
  object space 68608K, 11% used [0x0000000080000000,0x00000000807704b8,0x0000000084300000)
 Metaspace       used 19298K, committed 19904K, reserved 1114112K
  class space    used 1904K, committed 2176K, reserved 1048576K
}
Event: 5.323 GC heap before
{Heap before GC invocations=6 (full 0):
 PSYoungGen      total 29184K, used 26899K [0x00000000d5580000, 0x00000000d7b00000, 0x0000000100000000)
  eden space 25088K, 90% used [0x00000000d5580000,0x00000000d6bcacf0,0x00000000d6e00000)
  from space 4096K, 99% used [0x00000000d6e80000,0x00000000d7279f28,0x00000000d7280000)
  to   space 6656K, 0% used [0x00000000d7480000,0x00000000d7480000,0x00000000d7b00000)
 ParOldGen       total 68608K, used 7617K [0x0000000080000000, 0x0000000084300000, 0x00000000d5580000)
  object space 68608K, 11% used [0x0000000080000000,0x00000000807704b8,0x0000000084300000)
 Metaspace       used 20931K, committed 21504K, reserved 1114112K
  class space    used 2009K, committed 2304K, reserved 1048576K
}
Event: 5.327 GC heap after
{Heap after GC invocations=6 (full 0):
 PSYoungGen      total 31744K, used 6288K [0x00000000d5580000, 0x00000000d7b00000, 0x0000000100000000)
  eden space 25088K, 0% used [0x00000000d5580000,0x00000000d5580000,0x00000000d6e00000)
  from space 6656K, 94% used [0x00000000d7480000,0x00000000d7aa42d0,0x00000000d7b00000)
  to   space 6656K, 0% used [0x00000000d6e00000,0x00000000d6e00000,0x00000000d7480000)
 ParOldGen       total 68608K, used 7625K [0x0000000080000000, 0x0000000084300000, 0x00000000d5580000)
  object space 68608K, 11% used [0x0000000080000000,0x00000000807724b8,0x0000000084300000)
 Metaspace       used 20931K, committed 21504K, reserved 1114112K
  class space    used 2009K, committed 2304K, reserved 1048576K
}
Event: 5.327 GC heap before
{Heap before GC invocations=7 (full 1):
 PSYoungGen      total 31744K, used 6288K [0x00000000d5580000, 0x00000000d7b00000, 0x0000000100000000)
  eden space 25088K, 0% used [0x00000000d5580000,0x00000000d5580000,0x00000000d6e00000)
  from space 6656K, 94% used [0x00000000d7480000,0x00000000d7aa42d0,0x00000000d7b00000)
  to   space 6656K, 0% used [0x00000000d6e00000,0x00000000d6e00000,0x00000000d7480000)
 ParOldGen       total 68608K, used 7625K [0x0000000080000000, 0x0000000084300000, 0x00000000d5580000)
  object space 68608K, 11% used [0x0000000080000000,0x00000000807724b8,0x0000000084300000)
 Metaspace       used 20931K, committed 21504K, reserved 1114112K
  class space    used 2009K, committed 2304K, reserved 1048576K
}
Event: 5.357 GC heap after
{Heap after GC invocations=7 (full 1):
 PSYoungGen      total 31744K, used 0K [0x00000000d5580000, 0x00000000d7b00000, 0x0000000100000000)
  eden space 25088K, 0% used [0x00000000d5580000,0x00000000d5580000,0x00000000d6e00000)
  from space 6656K, 0% used [0x00000000d7480000,0x00000000d7480000,0x00000000d7b00000)
  to   space 6656K, 0% used [0x00000000d6e00000,0x00000000d6e00000,0x00000000d7480000)
 ParOldGen       total 68608K, used 10120K [0x0000000080000000, 0x0000000084300000, 0x00000000d5580000)
  object space 68608K, 14% used [0x0000000080000000,0x00000000809e2388,0x0000000084300000)
 Metaspace       used 20918K, committed 21504K, reserved 1114112K
  class space    used 2005K, committed 2304K, reserved 1048576K
}

Dll operation events (9 events):
Event: 0.018 Loaded shared library c:\Users\vshri\.vscode\extensions\redhat.java-1.46.0-win32-x64\jre\21.0.8-win32-x86_64\bin\java.dll
Event: 0.178 Loaded shared library c:\Users\vshri\.vscode\extensions\redhat.java-1.46.0-win32-x64\jre\21.0.8-win32-x86_64\bin\zip.dll
Event: 0.216 Loaded shared library C:\Users\vshri\.vscode\extensions\redhat.java-1.46.0-win32-x64\jre\21.0.8-win32-x86_64\bin\instrument.dll
Event: 0.223 Loaded shared library C:\Users\vshri\.vscode\extensions\redhat.java-1.46.0-win32-x64\jre\21.0.8-win32-x86_64\bin\net.dll
Event: 0.227 Loaded shared library C:\Users\vshri\.vscode\extensions\redhat.java-1.46.0-win32-x64\jre\21.0.8-win32-x86_64\bin\nio.dll
Event: 0.233 Loaded shared library C:\Users\vshri\.vscode\extensions\redhat.java-1.46.0-win32-x64\jre\21.0.8-win32-x86_64\bin\zip.dll
Event: 0.264 Loaded shared library C:\Users\vshri\.vscode\extensions\redhat.java-1.46.0-win32-x64\jre\21.0.8-win32-x86_64\bin\jimage.dll
Event: 0.427 Loaded shared library c:\Users\vshri\.vscode\extensions\redhat.java-1.46.0-win32-x64\jre\21.0.8-win32-x86_64\bin\verify.dll
Event: 2.327 Loaded shared library C:\Users\vshri\AppData\Roaming\Code\User\globalStorage\redhat.java\1.46.0\config_ss_win\org.eclipse.equinox.launcher\org.eclipse.equinox.launcher.win32.win32.x86_64_1.2.1400.v20250801-0854\eclipse_11916.dll

Deoptimization events (20 events):
Event: 5.425 Thread 0x000001fcd537c750 Uncommon trap: trap_request=0xffffffc6 fr.pc=0x000001fc87c97d18 relative=0x0000000000000918
Event: 5.425 Thread 0x000001fcd537c750 Uncommon trap: reason=bimorphic_or_optimized_type_check action=maybe_recompile pc=0x000001fc87c97d18 method=java.util.HashMap.putVal(ILjava/lang/Object;Ljava/lang/Object;ZZ)Ljava/lang/Object; @ 56 c2
Event: 5.425 Thread 0x000001fcd537c750 DEOPT PACKING pc=0x000001fc87c97d18 sp=0x00000067a79fdf30
Event: 5.425 Thread 0x000001fcd537c750 DEOPT UNPACKING pc=0x000001fc874a3aa2 sp=0x00000067a79fde88 mode 2
Event: 5.425 Thread 0x000001fcd537c750 Uncommon trap: trap_request=0xffffffc6 fr.pc=0x000001fc87c97d18 relative=0x0000000000000918
Event: 5.425 Thread 0x000001fcd537c750 Uncommon trap: reason=bimorphic_or_optimized_type_check action=maybe_recompile pc=0x000001fc87c97d18 method=java.util.HashMap.putVal(ILjava/lang/Object;Ljava/lang/Object;ZZ)Ljava/lang/Object; @ 56 c2
Event: 5.425 Thread 0x000001fcd537c750 DEOPT PACKING pc=0x000001fc87c97d18 sp=0x00000067a79fdf30
Event: 5.425 Thread 0x000001fcd537c750 DEOPT UNPACKING pc=0x000001fc874a3aa2 sp=0x00000067a79fde88 mode 2
Event: 5.425 Thread 0x000001fcd537c750 Uncommon trap: trap_request=0xffffffc6 fr.pc=0x000001fc87c97d18 relative=0x0000000000000918
Event: 5.425 Thread 0x000001fcd537c750 Uncommon trap: reason=bimorphic_or_optimized_type_check action=maybe_recompile pc=0x000001fc87c97d18 method=java.util.HashMap.putVal(ILjava/lang/Object;Ljava/lang/Object;ZZ)Ljava/lang/Object; @ 56 c2
Event: 5.425 Thread 0x000001fcd537c750 DEOPT PACKING pc=0x000001fc87c97d18 sp=0x00000067a79fdf30
Event: 5.425 Thread 0x000001fcd537c750 DEOPT UNPACKING pc=0x000001fc874a3aa2 sp=0x00000067a79fde88 mode 2
Event: 5.425 Thread 0x000001fcd537c750 Uncommon trap: trap_request=0xffffffc6 fr.pc=0x000001fc87c97d18 relative=0x0000000000000918
Event: 5.425 Thread 0x000001fcd537c750 Uncommon trap: reason=bimorphic_or_optimized_type_check action=maybe_recompile pc=0x000001fc87c97d18 method=java.util.HashMap.putVal(ILjava/lang/Object;Ljava/lang/Object;ZZ)Ljava/lang/Object; @ 56 c2
Event: 5.425 Thread 0x000001fcd537c750 DEOPT PACKING pc=0x000001fc87c97d18 sp=0x00000067a79fdf30
Event: 5.425 Thread 0x000001fcd537c750 DEOPT UNPACKING pc=0x000001fc874a3aa2 sp=0x00000067a79fde88 mode 2
Event: 5.446 Thread 0x000001fcd537c750 Uncommon trap: trap_request=0xffffff45 fr.pc=0x000001fc87cd5a38 relative=0x00000000000009b8
Event: 5.446 Thread 0x000001fcd537c750 Uncommon trap: reason=unstable_if action=reinterpret pc=0x000001fc87cd5a38 method=java.util.regex.Pattern$BmpCharPropertyGreedy.match(Ljava/util/regex/Matcher;ILjava/lang/CharSequence;)Z @ 12 c2
Event: 5.446 Thread 0x000001fcd537c750 DEOPT PACKING pc=0x000001fc87cd5a38 sp=0x00000067a79fdc30
Event: 5.446 Thread 0x000001fcd537c750 DEOPT UNPACKING pc=0x000001fc874a3aa2 sp=0x00000067a79fdaf8 mode 2

Classes loaded (20 events):
Event: 8.591 Loading class sun/nio/fs/WindowsDirectoryStream
Event: 8.591 Loading class java/nio/file/DirectoryStream
Event: 8.592 Loading class java/nio/file/DirectoryStream done
Event: 8.592 Loading class sun/nio/fs/WindowsDirectoryStream done
Event: 8.592 Loading class sun/nio/fs/WindowsDirectoryStream$WindowsDirectoryIterator
Event: 8.592 Loading class sun/nio/fs/WindowsDirectoryStream$WindowsDirectoryIterator done
Event: 8.593 Loading class sun/nio/fs/WindowsPath$WindowsPathWithAttributes
Event: 8.593 Loading class sun/nio/fs/BasicFileAttributesHolder
Event: 8.593 Loading class sun/nio/fs/BasicFileAttributesHolder done
Event: 8.593 Loading class sun/nio/fs/WindowsPath$WindowsPathWithAttributes done
Event: 9.620 Loading class sun/security/provider/AbstractDrbg$NonceProvider
Event: 9.621 Loading class sun/security/provider/AbstractDrbg$NonceProvider done
Event: 9.664 Loading class java/util/DualPivotQuicksort
Event: 9.665 Loading class java/util/DualPivotQuicksort done
Event: 9.678 Loading class java/lang/Character$UnicodeBlock
Event: 9.680 Loading class java/lang/Character$Subset
Event: 9.680 Loading class java/lang/Character$Subset done
Event: 9.684 Loading class java/lang/Character$UnicodeBlock done
Event: 9.727 Loading class java/lang/StringIndexOutOfBoundsException
Event: 9.727 Loading class java/lang/StringIndexOutOfBoundsException done

Classes unloaded (7 events):
Event: 5.332 Thread 0x000001fcf5e11bf0 Unloading class 0x000001fc9018d400 'java/lang/invoke/LambdaForm$MH+0x000001fc9018d400'
Event: 5.332 Thread 0x000001fcf5e11bf0 Unloading class 0x000001fc9018d000 'java/lang/invoke/LambdaForm$MH+0x000001fc9018d000'
Event: 5.332 Thread 0x000001fcf5e11bf0 Unloading class 0x000001fc9018cc00 'java/lang/invoke/LambdaForm$MH+0x000001fc9018cc00'
Event: 5.332 Thread 0x000001fcf5e11bf0 Unloading class 0x000001fc9018c800 'java/lang/invoke/LambdaForm$MH+0x000001fc9018c800'
Event: 5.332 Thread 0x000001fcf5e11bf0 Unloading class 0x000001fc9018c400 'java/lang/invoke/LambdaForm$BMH+0x000001fc9018c400'
Event: 5.332 Thread 0x000001fcf5e11bf0 Unloading class 0x000001fc9018c000 'java/lang/invoke/LambdaForm$DMH+0x000001fc9018c000'
Event: 5.332 Thread 0x000001fcf5e11bf0 Unloading class 0x000001fc9018ac00 'java/lang/invoke/LambdaForm$DMH+0x000001fc9018ac00'

Classes redefined (0 events):
No events

Internal exceptions (20 events):
Event: 4.351 Thread 0x000001fcd537c750 Exception <a 'java/lang/NoSuchMethodError'{0x00000000d60e2a90}: 'java.lang.Object java.lang.invoke.DirectMethodHandle$Holder.newInvokeSpecial(java.lang.Object, java.lang.Object, java.lang.Object, long)'> (0x00000000d60e2a90) 
thrown [s\src\hotspot\share\interpreter\linkResolver.cpp, line 773]
Event: 4.351 Thread 0x000001fcd537c750 Exception <a 'java/lang/NoSuchMethodError'{0x00000000d60e6e80}: 'java.lang.Object java.lang.invoke.DirectMethodHandle$Holder.invokeSpecial(java.lang.Object, java.lang.Object, java.lang.Object, java.lang.Object, long)'> (0x00000000d60e6e80) 
thrown [s\src\hotspot\share\interpreter\linkResolver.cpp, line 773]
Event: 4.351 Thread 0x000001fcd537c750 Exception <a 'java/lang/NoSuchMethodError'{0x00000000d60eaaa0}: 'java.lang.Object java.lang.invoke.Invokers$Holder.linkToTargetMethod(java.lang.Object, java.lang.Object, long, java.lang.Object)'> (0x00000000d60eaaa0) 
thrown [s\src\hotspot\share\interpreter\linkResolver.cpp, line 773]
Event: 4.364 Thread 0x000001fcd537c750 Exception <a 'java/lang/NoSuchMethodError'{0x00000000d61571b8}: 'int java.lang.invoke.DirectMethodHandle$Holder.invokeStaticInit(java.lang.Object, java.lang.Object, java.lang.Object)'> (0x00000000d61571b8) 
thrown [s\src\hotspot\share\interpreter\linkResolver.cpp, line 773]
Event: 4.384 Thread 0x000001fcd537c750 Exception <a 'java/lang/IncompatibleClassChangeError'{0x00000000d61e64a0}: Found class java.lang.Object, but interface was expected> (0x00000000d61e64a0) 
thrown [s\src\hotspot\share\interpreter\linkResolver.cpp, line 840]
Event: 4.385 Thread 0x000001fcd537c750 Exception <a 'java/lang/NoSuchMethodError'{0x00000000d61e9fe8}: 'java.lang.Object java.lang.invoke.DirectMethodHandle$Holder.invokeSpecial(java.lang.Object, java.lang.Object, java.lang.Object, int, java.lang.Object, java.lang.Object)'> (0x00000000d61e9fe8) 
thrown [s\src\hotspot\share\interpreter\linkResolver.cpp, line 773]
Event: 4.386 Thread 0x000001fcd537c750 Exception <a 'java/lang/NoSuchMethodError'{0x00000000d61f1ac0}: 'java.lang.Object java.lang.invoke.DirectMethodHandle$Holder.newInvokeSpecial(java.lang.Object, java.lang.Object, java.lang.Object, int, java.lang.Object)'> (0x00000000d61f1ac0) 
thrown [s\src\hotspot\share\interpreter\linkResolver.cpp, line 773]
Event: 4.386 Thread 0x000001fcd537c750 Exception <a 'java/lang/NoSuchMethodError'{0x00000000d61f5a80}: 'java.lang.Object java.lang.invoke.DirectMethodHandle$Holder.invokeSpecial(java.lang.Object, java.lang.Object, java.lang.Object, java.lang.Object, int, java.lang.Object)'> (0x00000000d61f5a80) 
thrown [s\src\hotspot\share\interpreter\linkResolver.cpp, line 773]
Event: 4.386 Thread 0x000001fcd537c750 Exception <a 'java/lang/NoSuchMethodError'{0x00000000d61f95c0}: 'java.lang.Object java.lang.invoke.Invokers$Holder.linkToTargetMethod(java.lang.Object, java.lang.Object, int, java.lang.Object, java.lang.Object)'> (0x00000000d61f95c0) 
thrown [s\src\hotspot\share\interpreter\linkResolver.cpp, line 773]
Event: 4.387 Thread 0x000001fcd55235a0 Exception <a 'java/lang/NoSuchMethodError'{0x00000000d6139858}: 'java.lang.Object java.lang.invoke.DirectMethodHandle$Holder.invokeSpecial(java.lang.Object, java.lang.Object, int, java.lang.Object, java.lang.Object)'> (0x00000000d6139858) 
thrown [s\src\hotspot\share\interpreter\linkResolver.cpp, line 773]
Event: 4.389 Thread 0x000001fcd55235a0 Exception <a 'java/lang/NoSuchMethodError'{0x00000000d6140590}: 'java.lang.Object java.lang.invoke.DirectMethodHandle$Holder.newInvokeSpecial(java.lang.Object, java.lang.Object, int, java.lang.Object)'> (0x00000000d6140590) 
thrown [s\src\hotspot\share\interpreter\linkResolver.cpp, line 773]
Event: 4.389 Thread 0x000001fcd55235a0 Exception <a 'java/lang/NoSuchMethodError'{0x00000000d6143eb0}: 'java.lang.Object java.lang.invoke.DirectMethodHandle$Holder.invokeSpecial(java.lang.Object, java.lang.Object, java.lang.Object, int, java.lang.Object)'> (0x00000000d6143eb0) 
thrown [s\src\hotspot\share\interpreter\linkResolver.cpp, line 773]
Event: 4.414 Thread 0x000001fcd537c750 Exception <a 'java/lang/NoSuchMethodError'{0x00000000d6336a90}: 'void java.lang.invoke.DirectMethodHandle$Holder.invokeSpecial(java.lang.Object, java.lang.Object, java.lang.Object, java.lang.Object, java.lang.Object)'> (0x00000000d6336a90) 
thrown [s\src\hotspot\share\interpreter\linkResolver.cpp, line 773]
Event: 4.461 Thread 0x000001fcd537c750 Exception <a 'java/lang/NoSuchMethodError'{0x00000000d6542fe0}: 'double java.lang.invoke.DirectMethodHandle$Holder.invokeStatic(java.lang.Object, java.lang.Object)'> (0x00000000d6542fe0) 
thrown [s\src\hotspot\share\interpreter\linkResolver.cpp, line 773]
Event: 4.461 Thread 0x000001fcd537c750 Exception <a 'java/lang/NoSuchMethodError'{0x00000000d65466a0}: 'double java.lang.invoke.DirectMethodHandle$Holder.invokeStaticInit(java.lang.Object, java.lang.Object)'> (0x00000000d65466a0) 
thrown [s\src\hotspot\share\interpreter\linkResolver.cpp, line 773]
Event: 4.921 Thread 0x000001fcd537c750 Implicit null exception at 0x000001fc87cb8c75 to 0x000001fc87cb8d50
Event: 5.381 Thread 0x000001fcd537c750 Exception <a 'java/lang/NoSuchMethodError'{0x00000000d565f320}: 'java.lang.Object java.lang.invoke.DirectMethodHandle$Holder.newInvokeSpecial(java.lang.Object, int, java.lang.Object, java.lang.Object)'> (0x00000000d565f320) 
thrown [s\src\hotspot\share\interpreter\linkResolver.cpp, line 773]
Event: 5.438 Thread 0x000001fcd537c750 Exception <a 'sun/nio/fs/WindowsException'{0x00000000d5872cc8}> (0x00000000d5872cc8) 
thrown [s\src\hotspot\share\prims\jni.cpp, line 520]
Event: 8.561 Thread 0x000001fcd537c750 Exception <a 'java/lang/NoSuchMethodError'{0x00000000d5a50200}: 'java.lang.Object java.lang.invoke.DirectMethodHandle$Holder.invokeStaticInit(java.lang.Object, int, int, int, int)'> (0x00000000d5a50200) 
thrown [s\src\hotspot\share\interpreter\linkResolver.cpp, line 773]
Event: 8.613 Thread 0x000001fcd537c750 Exception <a 'java/lang/NoSuchMethodError'{0x00000000d5b8add8}: 'java.lang.Object java.lang.invoke.DirectMethodHandle$Holder.invokeStaticInit(java.lang.Object, java.lang.Object, int, int, int, int)'> (0x00000000d5b8add8) 
thrown [s\src\hotspot\share\interpreter\linkResolver.cpp, line 773]

ZGC Phase Switch (0 events):
No events

VM Operations (20 events):
Event: 4.293 Executing VM operation: Cleanup done
Event: 4.580 Executing VM operation: ParallelGCFailedAllocation (Allocation Failure)
Event: 4.585 Executing VM operation: ParallelGCFailedAllocation (Allocation Failure) done
Event: 4.978 Executing VM operation: ParallelGCFailedAllocation (Allocation Failure)
Event: 4.982 Executing VM operation: ParallelGCFailedAllocation (Allocation Failure) done
Event: 5.323 Executing VM operation: CollectForMetadataAllocation (Metadata GC Threshold)
Event: 5.357 Executing VM operation: CollectForMetadataAllocation (Metadata GC Threshold) done
Event: 5.424 Executing VM operation: HandshakeAllThreads (Deoptimize)
Event: 5.424 Executing VM operation: HandshakeAllThreads (Deoptimize) done
Event: 6.424 Executing VM operation: Cleanup
Event: 6.459 Executing VM operation: Cleanup done
Event: 7.465 Executing VM operation: Cleanup
Event: 7.529 Executing VM operation: Cleanup done
Event: 9.546 Executing VM operation: Cleanup
Event: 9.546 Executing VM operation: Cleanup done
Event: 9.652 Executing VM operation: HandshakeAllThreads (Deoptimize)
Event: 9.652 Executing VM operation: HandshakeAllThreads (Deoptimize) done
Event: 9.653 Executing VM operation: HandshakeAllThreads (Deoptimize)
Event: 9.654 Executing VM operation: HandshakeAllThreads (Deoptimize) done
Event: 10.653 Executing VM operation: Cleanup

Memory protections (0 events):
No events

Nmethod flushes (0 events):
No events

Events (20 events):
Event: 3.249 Thread 0x000001fcfed011b0 Thread added: 0x000001fcd5617470
Event: 4.356 Thread 0x000001fcd537c750 Thread added: 0x000001fcd55235a0
Event: 4.388 Thread 0x000001fcd537c750 Thread added: 0x000001fcd54f6e30
Event: 4.741 Thread 0x000001fcd5617470 Thread exited: 0x000001fcd5617470
Event: 4.768 Thread 0x000001fcfed2b4b0 Thread exited: 0x000001fcfed2b4b0
Event: 5.041 Thread 0x000001fcf5f36cb0 Thread added: 0x000001fcfed2b4b0
Event: 5.041 Thread 0x000001fcf5f36cb0 Thread added: 0x000001fcd5617470
Event: 5.311 Thread 0x000001fcd537c750 Thread added: 0x000001fcd69934a0
Event: 6.472 Thread 0x000001fcfeef8ac0 Thread exited: 0x000001fcfeef8ac0
Event: 6.472 Thread 0x000001fcfed011b0 Thread exited: 0x000001fcfed011b0
Event: 7.529 Thread 0x000001fcd69934a0 Thread exited: 0x000001fcd69934a0
Event: 7.529 Thread 0x000001fcd5617470 Thread exited: 0x000001fcd5617470
Event: 7.529 Thread 0x000001fcfecff700 Thread exited: 0x000001fcfecff700
Event: 8.605 Thread 0x000001fcf5f36cb0 Thread added: 0x000001fcfecff700
Event: 8.605 Thread 0x000001fcf5f36cb0 Thread added: 0x000001fcfed011b0
Event: 8.605 Thread 0x000001fcf5f36cb0 Thread added: 0x000001fcd5617470
Event: 8.605 Thread 0x000001fcf5f36cb0 Thread added: 0x000001fcfeef8a60
Event: 9.424 Thread 0x000001fcfeef8a60 Thread exited: 0x000001fcfeef8a60
Event: 9.497 Thread 0x000001fcd5617470 Thread exited: 0x000001fcd5617470
Event: 9.497 Thread 0x000001fcfed011b0 Thread exited: 0x000001fcfed011b0


Dynamic libraries:
0x00007ff66f940000 - 0x00007ff66f94e000 	c:\Users\vshri\.vscode\extensions\redhat.java-1.46.0-win32-x64\jre\21.0.8-win32-x86_64\bin\java.exe
0x00007ffbd7000000 - 0x00007ffbd7268000 	C:\WINDOWS\SYSTEM32\ntdll.dll
0x00007ffbd64d0000 - 0x00007ffbd6599000 	C:\WINDOWS\System32\KERNEL32.DLL
0x00007ffbd4460000 - 0x00007ffbd4852000 	C:\WINDOWS\System32\KERNELBASE.dll
0x00007ffbd4c80000 - 0x00007ffbd4dcb000 	C:\WINDOWS\System32\ucrtbase.dll
0x00007ffba5fc0000 - 0x00007ffba5fd8000 	c:\Users\vshri\.vscode\extensions\redhat.java-1.46.0-win32-x64\jre\21.0.8-win32-x86_64\bin\jli.dll
0x00007ffbb11a0000 - 0x00007ffbb11be000 	c:\Users\vshri\.vscode\extensions\redhat.java-1.46.0-win32-x64\jre\21.0.8-win32-x86_64\bin\VCRUNTIME140.dll
0x00007ffbd6cc0000 - 0x00007ffbd6e85000 	C:\WINDOWS\System32\USER32.dll
0x00007ffbd4a30000 - 0x00007ffbd4a57000 	C:\WINDOWS\System32\win32u.dll
0x00007ffbbebf0000 - 0x00007ffbbee83000 	C:\WINDOWS\WinSxS\amd64_microsoft.windows.common-controls_6595b64144ccf1df_6.0.26100.6899_none_3e0efeeae32e88c1\COMCTL32.dll
0x00007ffbd59d0000 - 0x00007ffbd59fb000 	C:\WINDOWS\System32\GDI32.dll
0x00007ffbd4900000 - 0x00007ffbd4a2d000 	C:\WINDOWS\System32\gdi32full.dll
0x00007ffbd4bd0000 - 0x00007ffbd4c73000 	C:\WINDOWS\System32\msvcp_win.dll
0x00007ffbd57d0000 - 0x00007ffbd5879000 	C:\WINDOWS\System32\msvcrt.dll
0x00007ffbd6f80000 - 0x00007ffbd6faf000 	C:\WINDOWS\System32\IMM32.DLL
0x00007ffbd0a70000 - 0x00007ffbd0a7c000 	c:\Users\vshri\.vscode\extensions\redhat.java-1.46.0-win32-x64\jre\21.0.8-win32-x86_64\bin\vcruntime140_1.dll
0x00007ffb98140000 - 0x00007ffb981cd000 	c:\Users\vshri\.vscode\extensions\redhat.java-1.46.0-win32-x64\jre\21.0.8-win32-x86_64\bin\msvcp140.dll
0x00007ffb54b30000 - 0x00007ffb558c7000 	c:\Users\vshri\.vscode\extensions\redhat.java-1.46.0-win32-x64\jre\21.0.8-win32-x86_64\bin\server\jvm.dll
0x00007ffbd5910000 - 0x00007ffbd59c4000 	C:\WINDOWS\System32\ADVAPI32.dll
0x00007ffbd6ec0000 - 0x00007ffbd6f66000 	C:\WINDOWS\System32\sechost.dll
0x00007ffbd6ba0000 - 0x00007ffbd6cb8000 	C:\WINDOWS\System32\RPCRT4.dll
0x00007ffbd69e0000 - 0x00007ffbd6a54000 	C:\WINDOWS\System32\WS2_32.dll
0x00007ffbd3ff0000 - 0x00007ffbd404e000 	C:\WINDOWS\SYSTEM32\POWRPROF.dll
0x00007ffbc7480000 - 0x00007ffbc74b5000 	C:\WINDOWS\SYSTEM32\WINMM.dll
0x00007ffbcdf00000 - 0x00007ffbcdf0b000 	C:\WINDOWS\SYSTEM32\VERSION.dll
0x00007ffbd3fd0000 - 0x00007ffbd3fe4000 	C:\WINDOWS\SYSTEM32\UMPDC.dll
0x00007ffbd2f60000 - 0x00007ffbd2f7b000 	C:\WINDOWS\SYSTEM32\kernel.appcore.dll
0x00007ffbcf140000 - 0x00007ffbcf14a000 	c:\Users\vshri\.vscode\extensions\redhat.java-1.46.0-win32-x64\jre\21.0.8-win32-x86_64\bin\jimage.dll
0x00007ffbcb790000 - 0x00007ffbcb9d2000 	C:\WINDOWS\SYSTEM32\DBGHELP.DLL
0x00007ffbd4dd0000 - 0x00007ffbd514b000 	C:\WINDOWS\System32\combase.dll
0x00007ffbd6800000 - 0x00007ffbd68d7000 	C:\WINDOWS\System32\OLEAUT32.dll
0x00007ffbbaeb0000 - 0x00007ffbbaeec000 	C:\WINDOWS\SYSTEM32\dbgcore.DLL
0x00007ffbd4860000 - 0x00007ffbd48f8000 	C:\WINDOWS\System32\bcryptPrimitives.dll
0x00007ffbcb040000 - 0x00007ffbcb04f000 	c:\Users\vshri\.vscode\extensions\redhat.java-1.46.0-win32-x64\jre\21.0.8-win32-x86_64\bin\instrument.dll
0x00007ffba5a30000 - 0x00007ffba5a4f000 	c:\Users\vshri\.vscode\extensions\redhat.java-1.46.0-win32-x64\jre\21.0.8-win32-x86_64\bin\java.dll
0x00007ffbd5b90000 - 0x00007ffbd62dd000 	C:\WINDOWS\System32\SHELL32.dll
0x00007ffbd4a60000 - 0x00007ffbd4bcb000 	C:\WINDOWS\System32\wintypes.dll
0x00007ffbd1dc0000 - 0x00007ffbd261d000 	C:\WINDOWS\SYSTEM32\windows.storage.dll
0x00007ffbd5a00000 - 0x00007ffbd5af2000 	C:\WINDOWS\System32\SHCORE.dll
0x00007ffbd5b00000 - 0x00007ffbd5b62000 	C:\WINDOWS\System32\shlwapi.dll
0x00007ffbd40b0000 - 0x00007ffbd40d9000 	C:\WINDOWS\SYSTEM32\profapi.dll
0x00007ffba5900000 - 0x00007ffba5918000 	c:\Users\vshri\.vscode\extensions\redhat.java-1.46.0-win32-x64\jre\21.0.8-win32-x86_64\bin\zip.dll
0x00007ffbcf0a0000 - 0x00007ffbcf0b0000 	C:\Users\vshri\.vscode\extensions\redhat.java-1.46.0-win32-x64\jre\21.0.8-win32-x86_64\bin\net.dll
0x00007ffbc8bc0000 - 0x00007ffbc8cdf000 	C:\WINDOWS\SYSTEM32\WINHTTP.dll
0x00007ffbd34d0000 - 0x00007ffbd353b000 	C:\WINDOWS\system32\mswsock.dll
0x00007ffba52f0000 - 0x00007ffba5306000 	C:\Users\vshri\.vscode\extensions\redhat.java-1.46.0-win32-x64\jre\21.0.8-win32-x86_64\bin\nio.dll
0x00007ffbc07a0000 - 0x00007ffbc07b0000 	c:\Users\vshri\.vscode\extensions\redhat.java-1.46.0-win32-x64\jre\21.0.8-win32-x86_64\bin\verify.dll
0x00007ffba4e20000 - 0x00007ffba4e64000 	C:\Users\vshri\AppData\Roaming\Code\User\globalStorage\redhat.java\1.46.0\config_ss_win\org.eclipse.equinox.launcher\org.eclipse.equinox.launcher.win32.win32.x86_64_1.2.1400.v20250801-0854\eclipse_11916.dll
0x00007ffbd6660000 - 0x00007ffbd67f8000 	C:\WINDOWS\System32\ole32.dll
0x00007ffbd3780000 - 0x00007ffbd379b000 	C:\WINDOWS\SYSTEM32\CRYPTSP.dll
0x00007ffbd2ec0000 - 0x00007ffbd2efb000 	C:\WINDOWS\system32\rsaenh.dll
0x00007ffbd3570000 - 0x00007ffbd359b000 	C:\WINDOWS\SYSTEM32\USERENV.dll
0x00007ffbd4080000 - 0x00007ffbd40a6000 	C:\WINDOWS\SYSTEM32\bcrypt.dll
0x00007ffbd37a0000 - 0x00007ffbd37ac000 	C:\WINDOWS\SYSTEM32\CRYPTBASE.dll
0x00007ffbd2a10000 - 0x00007ffbd2a44000 	C:\WINDOWS\SYSTEM32\IPHLPAPI.DLL
0x00007ffbd57c0000 - 0x00007ffbd57ca000 	C:\WINDOWS\System32\NSI.dll

JVMTI agents:
c:\Users\vshri\.vscode\extensions\redhat.java-1.46.0-win32-x64\lombok\lombok-1.18.39-4050.jar path:c:\Users\vshri\.vscode\extensions\redhat.java-1.46.0-win32-x64\jre\21.0.8-win32-x86_64\bin\instrument.dll, loaded, initialized, instrumentlib options:none

dbghelp: loaded successfully - version: 4.0.5 - missing functions: none
symbol engine: initialized successfully - sym options: 0x614 - pdb path: .;c:\Users\vshri\.vscode\extensions\redhat.java-1.46.0-win32-x64\jre\21.0.8-win32-x86_64\bin;C:\WINDOWS\SYSTEM32;C:\WINDOWS\WinSxS\amd64_microsoft.windows.common-controls_6595b64144ccf1df_6.0.26100.6899_none_3e0efeeae32e88c1;c:\Users\vshri\.vscode\extensions\redhat.java-1.46.0-win32-x64\jre\21.0.8-win32-x86_64\bin\server;C:\Users\vshri\AppData\Roaming\Code\User\globalStorage\redhat.java\1.46.0\config_ss_win\org.eclipse.equinox.launcher\org.eclipse.equinox.launcher.win32.win32.x86_64_1.2.1400.v20250801-0854

VM Arguments:
jvm_args: --add-modules=ALL-SYSTEM --add-opens=java.base/java.util=ALL-UNNAMED --add-opens=java.base/java.lang=ALL-UNNAMED --add-opens=java.base/sun.nio.fs=ALL-UNNAMED -Declipse.application=org.eclipse.jdt.ls.core.id1 -Dosgi.bundles.defaultStartLevel=4 -Declipse.product=org.eclipse.jdt.ls.core.product -Djava.import.generatesMetadataFilesAtProjectRoot=false -DDetectVMInstallationsJob.disabled=true -Dfile.encoding=utf8 -XX:+UseParallelGC -XX:GCTimeRatio=4 -XX:AdaptiveSizePolicyWeight=90 -Dsun.zip.disableMemoryMapping=true -Xmx2G -Xms100m -Xlog:disable -javaagent:c:\Users\vshri\.vscode\extensions\redhat.java-1.46.0-win32-x64\lombok\lombok-1.18.39-4050.jar 
java_command: c:\Users\vshri\.vscode\extensions\redhat.java-1.46.0-win32-x64\server\plugins\org.eclipse.equinox.launcher_1.7.0.v20250519-0528.jar -configuration c:\Users\vshri\AppData\Roaming\Code\User\globalStorage\redhat.java\1.46.0\config_ss_win -data c:\Users\vshri\AppData\Roaming\Code\User\workspaceStorage\eb0d8900c8c9a50709719c642daa460a\redhat.java\ss_ws --pipe=\\.\pipe\lsp-cba3232f8e4522fc82b97abc745e28f2-sock
java_class_path (initial): c:\Users\vshri\.vscode\extensions\redhat.java-1.46.0-win32-x64\server\plugins\org.eclipse.equinox.launcher_1.7.0.v20250519-0528.jar
Launcher Type: SUN_STANDARD

[Global flags]
    uintx AdaptiveSizePolicyWeight                 = 90                                        {product} {command line}
     intx CICompilerCount                          = 12                                        {product} {ergonomic}
    uintx GCTimeRatio                              = 4                                         {product} {command line}
   size_t InitialHeapSize                          = 104857600                                 {product} {command line}
   size_t MaxHeapSize                              = 2147483648                                {product} {command line}
   size_t MaxNewSize                               = 715653120                                 {product} {ergonomic}
   size_t MinHeapDeltaBytes                        = 524288                                    {product} {ergonomic}
   size_t MinHeapSize                              = 104857600                                 {product} {command line}
   size_t NewSize                                  = 34603008                                  {product} {ergonomic}
    uintx NonNMethodCodeHeapSize                   = 7602480                                {pd product} {ergonomic}
    uintx NonProfiledCodeHeapSize                  = 122027880                              {pd product} {ergonomic}
   size_t OldSize                                  = 70254592                                  {product} {ergonomic}
    uintx ProfiledCodeHeapSize                     = 122027880                              {pd product} {ergonomic}
    uintx ReservedCodeCacheSize                    = 251658240                              {pd product} {ergonomic}
     bool SegmentedCodeCache                       = true                                      {product} {ergonomic}
   size_t SoftMaxHeapSize                          = 2147483648                             {manageable} {ergonomic}
     bool UseCompressedOops                        = true                           {product lp64_product} {ergonomic}
     bool UseLargePagesIndividualAllocation        = false                                  {pd product} {ergonomic}
     bool UseParallelGC                            = true                                      {product} {command line}

Logging:
Log output configuration:
 #0: stdout all=off uptime,level,tags foldmultilines=false
 #1: stderr all=off uptime,level,tags foldmultilines=false

Environment Variables:
PATH=C:\Program Files\Common Files\Oracle\Java\javapath;C:\Program Files (x86)\Common Files\Oracle\Java\java8path;C:\Program Files (x86)\Common Files\Oracle\Java\javapath;C:\ffmpeg\bin;C:\Program Files\Eclipse Adoptium\jre-17.0.8.101-hotspot\bin;C:\Windows\system32;C:\Windows;C:\Windows\System32\Wbem;C:\Windows\System32\WindowsPowerShell\v1.0\;C:\Windows\System32\OpenSSH\;C:\Program Files\dotnet\;C:\Users\vshri\AppData\Local\Programs\Python\Launcher\;C:\Users\vshri\AppData\Local\Microsoft\WindowsApps;C:\Users\vshri\AppData\Local\GitHubDesktop\bin;C:\Users\vshri\AppData\Local\Programs\Microsoft VS Code\bin;C:\Users\vshri\AppData\Roaming\npm;C:\ProgramData\chocolatey\bin;C:\WINDOWS\system32;C:\WINDOWS;C:\WINDOWS\System32\Wbem;C:\WINDOWS\System32\WindowsPowerShell\v1.0\;C:\WINDOWS\System32\OpenSSH\;C:\Program Files\MongoDB\Server\8.0\bin;C:\Program Files\nodejs\;c:\Users\vshri\AppData\Local\Programs\cursor\resources\app\bin;c:\Users\vshri\AppData\Local\Programs\cursor\resources\app\bin;C:\Program Files\Git\cmd;D:\Android\Sdk\platform-tools;D:\Android\Sdk\emulator;C:\msys64\ucrt64\bin;C:\Program Files\MySQL\MySQL Shell 8.0\bin\;C:\Users\vshri\AppData\Local\Programs\Python\Python313\Scripts\;C:\Users\vshri\AppData\Local\Programs\Python\Python313\;C:\Users\vshri\AppData\Local\Programs\Python\Launcher\;C:\Users\vshri\AppData\Local\Microsoft\WindowsApps;C:\Users\vshri\AppData\Local\Programs\Microsoft VS Code\bin;C:\src\flutter\bin;C:\Program Files\JetBrains\PyCharm Community Edition 2025.1.2\bin;;C:\Program Files\JetBrains\WebStorm 2025.1.2\bin;;C:\Program Files\JetBrains\IntelliJ IDEA Community Edition 2025.1.1.1\bin;;C:\Users\vshri\AppData\Roaming\npm;C:\Users\vshri\AppData\Local\GitHubDesktop\bin;C:\Program Files\JetBrains\PyCharm 2025.2\bin;C:\Users\vshri\AppData\Local\Programs\cursor\resources\app\bin;
USERNAME=vshri
OS=Windows_NT
PROCESSOR_IDENTIFIER=AMD64 Family 25 Model 80 Stepping 0, AuthenticAMD
TMP=C:\Users\vshri\AppData\Local\Temp
TEMP=C:\Users\vshri\AppData\Local\Temp




Periodic native trim disabled

---------------  S Y S T E M  ---------------

OS:
 Windows 11 , 64 bit Build 26100 (10.0.26100.6725)
OS uptime: 0 days 2:33 hours
Hyper-V role detected

CPU: total 16 (initial active 16) (16 cores per cpu, 2 threads per core) family 25 model 80 stepping 0 microcode 0xa50000d, cx8, cmov, fxsr, ht, mmx, 3dnowpref, sse, sse2, sse3, ssse3, sse4a, sse4.1, sse4.2, popcnt, lzcnt, tsc, tscinvbit, avx, avx2, aes, erms, clmul, bmi1, bmi2, adx, sha, fma, vzeroupper, clflush, clflushopt, hv, rdtscp, rdpid, fsrm, f16c, cet_ss
Processor Information for processor 0
  Max Mhz: 3201, Current Mhz: 1802, Mhz Limit: 3201
Processor Information for processor 1
  Max Mhz: 3201, Current Mhz: 1802, Mhz Limit: 3201
Processor Information for processor 2
  Max Mhz: 3201, Current Mhz: 1802, Mhz Limit: 3201
Processor Information for processor 3
  Max Mhz: 3201, Current Mhz: 1802, Mhz Limit: 3201
Processor Information for processor 4
  Max Mhz: 3201, Current Mhz: 1802, Mhz Limit: 3201
Processor Information for processor 5
  Max Mhz: 3201, Current Mhz: 1802, Mhz Limit: 3201
Processor Information for processor 6
  Max Mhz: 3201, Current Mhz: 1882, Mhz Limit: 3201
Processor Information for processor 7
  Max Mhz: 3201, Current Mhz: 1882, Mhz Limit: 3201
Processor Information for processor 8
  Max Mhz: 3201, Current Mhz: 1882, Mhz Limit: 3201
Processor Information for processor 9
  Max Mhz: 3201, Current Mhz: 1802, Mhz Limit: 3201
Processor Information for processor 10
  Max Mhz: 3201, Current Mhz: 1802, Mhz Limit: 3201
Processor Information for processor 11
  Max Mhz: 3201, Current Mhz: 1802, Mhz Limit: 3201
Processor Information for processor 12
  Max Mhz: 3201, Current Mhz: 1802, Mhz Limit: 3201
Processor Information for processor 13
  Max Mhz: 3201, Current Mhz: 1882, Mhz Limit: 3201
Processor Information for processor 14
  Max Mhz: 3201, Current Mhz: 1802, Mhz Limit: 3201
Processor Information for processor 15
  Max Mhz: 3201, Current Mhz: 1802, Mhz Limit: 3201

Memory: 4k page, system-wide physical 15773M (1140M free)
TotalPageFile size 23965M (AvailPageFile size 42M)
current process WorkingSet (physical memory assigned to process): 165M, peak: 165M
current process commit charge ("private bytes"): 314M, peak: 316M

vm_info: OpenJDK 64-Bit Server VM (21.0.8+9-LTS) for windows-amd64 JRE (21.0.8+9-LTS), built on 2025-07-15T00:00:00Z by "admin" with MS VC++ 17.7 (VS2022)

END.
